# Repository Cleanup Log - Phase 3
Date: $(date)

## New Structure Created:
- 01_ANALYTICAL_LAYER/ (study documents, deep dives, synthesis, cross-references)
- 02_EXTERNAL_SOURCES/ (for git submodules)
- 03_PROJECT_MANAGEMENT/ (roadmaps, protocols, statistics)
- 04_ARCHIVES/ (documents, scripts, structure, logs)

## Files Migrated:
- Brihadaranyaka_Upanishad_Deep_Dive.md -> 01_ANALYTICAL_LAYER/deep_dives/
- Cross-reference documents -> 01_ANALYTICAL_LAYER/cross_references/
- All protocols -> 03_PROJECT_MANAGEMENT/protocols/
- All roadmaps -> 03_PROJECT_MANAGEMENT/roadmaps/
- PROJECT_STATISTICS.md -> 03_PROJECT_MANAGEMENT/statistics/

## Directories Archived:
- 01_vedas -> 04_ARCHIVES/structure/
- 02_upanishads -> 04_ARCHIVES/structure/
- 01_STUDY_DOCUMENTS -> 04_ARCHIVES/structure/
- 02_STUDY_GUIDES -> 04_ARCHIVES/structure/
- 04_PROJECT_MANAGEMENT -> 04_ARCHIVES/structure/

## Validation:
- All critical files preserved
- No data loss
- Repository structure aligned with v2 architecture
